{
  "stats": {
    "suites": 7,
    "tests": 53,
    "passes": 53,
    "pending": 0,
    "failures": 0,
    "start": "2025-11-04T08:56:48.883Z",
    "end": "2025-11-04T08:57:03.070Z",
    "duration": 14187,
    "testsRegistered": 53,
    "passPercent": 100,
    "pendingPercent": 0,
    "other": 0,
    "hasOther": false,
    "skipped": 0,
    "hasSkipped": false
  },
  "results": [
    {
      "uuid": "ffa475c5-a02b-427e-99c5-1913a5abcbc8",
      "title": "",
      "fullFile": "/home/api/test/index.test.js",
      "file": "/test/index.test.js",
      "beforeHooks": [],
      "afterHooks": [],
      "tests": [],
      "suites": [
        {
          "uuid": "41cfcb16-5dc6-4a87-b17f-51a3c329648c",
          "title": "Test server is ready",
          "fullFile": "/home/api/test/index.test.js",
          "file": "/test/index.test.js",
          "beforeHooks": [
            {
              "title": "\"before all\" hook in \"Test server is ready\"",
              "fullTitle": "Test server is ready \"before all\" hook in \"Test server is ready\"",
              "timedOut": false,
              "duration": 1525,
              "state": null,
              "speed": null,
              "pass": false,
              "fail": false,
              "pending": false,
              "context": null,
              "code": "",
              "err": {},
              "uuid": "fef12c10-eb80-4dec-a523-2f9f9a93f391",
              "parentUUID": "41cfcb16-5dc6-4a87-b17f-51a3c329648c",
              "isHook": true,
              "skipped": false
            }
          ],
          "afterHooks": [
            {
              "title": "\"after all\" hook in \"Test server is ready\"",
              "fullTitle": "Test server is ready \"after all\" hook in \"Test server is ready\"",
              "timedOut": false,
              "duration": 6,
              "state": null,
              "speed": null,
              "pass": false,
              "fail": false,
              "pending": false,
              "context": null,
              "code": "",
              "err": {},
              "uuid": "7aa344b8-cfbe-482d-aad4-fe609dee4380",
              "parentUUID": "41cfcb16-5dc6-4a87-b17f-51a3c329648c",
              "isHook": true,
              "skipped": false
            }
          ],
          "tests": [
            {
              "title": "Login - Login admin",
              "fullTitle": "Test server is ready Login - Login admin",
              "timedOut": false,
              "duration": 80,
              "state": "passed",
              "speed": "slow",
              "pass": true,
              "fail": false,
              "pending": false,
              "context": null,
              "code": "",
              "err": {},
              "uuid": "aec1b77e-6a23-469f-b29a-4d4b33b32f51",
              "parentUUID": "41cfcb16-5dc6-4a87-b17f-51a3c329648c",
              "isHook": false,
              "skipped": false
            },
            {
              "title": "Give all accesses to Admin",
              "fullTitle": "Test server is ready Give all accesses to Admin",
              "timedOut": false,
              "duration": 59,
              "state": "passed",
              "speed": "medium",
              "pass": true,
              "fail": false,
              "pending": false,
              "context": null,
              "code": "",
              "err": {},
              "uuid": "f723b6f4-98a4-4dd0-9c6e-481880b7b2f8",
              "parentUUID": "41cfcb16-5dc6-4a87-b17f-51a3c329648c",
              "isHook": false,
              "skipped": false
            }
          ],
          "suites": [
            {
              "uuid": "1c30b360-71a9-4ed0-9469-8878576b42f2",
              "title": "Users tests",
              "fullFile": "/home/api/test/index.test.js",
              "file": "/test/index.test.js",
              "beforeHooks": [],
              "afterHooks": [],
              "tests": [
                {
                  "title": "Sign up - Missing email, should return 400",
                  "fullTitle": "Test server is ready Users tests Sign up - Missing email, should return 400",
                  "timedOut": false,
                  "duration": 19,
                  "state": "passed",
                  "speed": "fast",
                  "pass": true,
                  "fail": false,
                  "pending": false,
                  "context": null,
                  "code": "",
                  "err": {},
                  "uuid": "3fb4e374-86a7-4c66-9dfa-1d1c7b2b6b46",
                  "parentUUID": "1c30b360-71a9-4ed0-9469-8878576b42f2",
                  "isHook": false,
                  "skipped": false
                },
                {
                  "title": "Sign up - Password is not strong enough, should return 401",
                  "fullTitle": "Test server is ready Users tests Sign up - Password is not strong enough, should return 401",
                  "timedOut": false,
                  "duration": 5,
                  "state": "passed",
                  "speed": "fast",
                  "pass": true,
                  "fail": false,
                  "pending": false,
                  "context": null,
                  "code": "",
                  "err": {},
                  "uuid": "b0abd144-85db-4e22-966c-99db098f4216",
                  "parentUUID": "1c30b360-71a9-4ed0-9469-8878576b42f2",
                  "isHook": false,
                  "skipped": false
                },
                {
                  "title": "Sign up - Password is a word in dictionary, should return 401",
                  "fullTitle": "Test server is ready Users tests Sign up - Password is a word in dictionary, should return 401",
                  "timedOut": false,
                  "duration": 2,
                  "state": "passed",
                  "speed": "fast",
                  "pass": true,
                  "fail": false,
                  "pending": false,
                  "context": null,
                  "code": "",
                  "err": {},
                  "uuid": "55ee80f6-5a35-45f5-8e55-68a58951ea3e",
                  "parentUUID": "1c30b360-71a9-4ed0-9469-8878576b42f2",
                  "isHook": false,
                  "skipped": false
                },
                {
                  "title": "Sign up - Correct inputs, should return 200",
                  "fullTitle": "Test server is ready Users tests Sign up - Correct inputs, should return 200",
                  "timedOut": false,
                  "duration": 80,
                  "state": "passed",
                  "speed": "slow",
                  "pass": true,
                  "fail": false,
                  "pending": false,
                  "context": null,
                  "code": "",
                  "err": {},
                  "uuid": "93df8daf-30d3-461a-a0ff-8b8e57cd86fc",
                  "parentUUID": "1c30b360-71a9-4ed0-9469-8878576b42f2",
                  "isHook": false,
                  "skipped": false
                },
                {
                  "title": "Forgot password - Bad email, should return 401",
                  "fullTitle": "Test server is ready Users tests Forgot password - Bad email, should return 401",
                  "timedOut": false,
                  "duration": 2,
                  "state": "passed",
                  "speed": "fast",
                  "pass": true,
                  "fail": false,
                  "pending": false,
                  "context": null,
                  "code": "",
                  "err": {},
                  "uuid": "faef2349-4c7c-41fe-8a78-e34a0b659873",
                  "parentUUID": "1c30b360-71a9-4ed0-9469-8878576b42f2",
                  "isHook": false,
                  "skipped": false
                },
                {
                  "title": "Forgot password - Good email, should return 200",
                  "fullTitle": "Test server is ready Users tests Forgot password - Good email, should return 200",
                  "timedOut": false,
                  "duration": 5,
                  "state": "passed",
                  "speed": "fast",
                  "pass": true,
                  "fail": false,
                  "pending": false,
                  "context": null,
                  "code": "",
                  "err": {},
                  "uuid": "a7f77ae5-3402-45fb-95c9-2b4756021db6",
                  "parentUUID": "1c30b360-71a9-4ed0-9469-8878576b42f2",
                  "isHook": false,
                  "skipped": false
                },
                {
                  "title": "Change password - Bad email, should return 401",
                  "fullTitle": "Test server is ready Users tests Change password - Bad email, should return 401",
                  "timedOut": false,
                  "duration": 4,
                  "state": "passed",
                  "speed": "fast",
                  "pass": true,
                  "fail": false,
                  "pending": false,
                  "context": null,
                  "code": "",
                  "err": {},
                  "uuid": "693db47d-1d49-42ae-8556-c7a1042266a2",
                  "parentUUID": "1c30b360-71a9-4ed0-9469-8878576b42f2",
                  "isHook": false,
                  "skipped": false
                },
                {
                  "title": "Change password - Password is not strong enough, should return 401",
                  "fullTitle": "Test server is ready Users tests Change password - Password is not strong enough, should return 401",
                  "timedOut": false,
                  "duration": 2,
                  "state": "passed",
                  "speed": "fast",
                  "pass": true,
                  "fail": false,
                  "pending": false,
                  "context": null,
                  "code": "",
                  "err": {},
                  "uuid": "fc7d4693-b3b8-4d68-afc7-76ea54adbe9d",
                  "parentUUID": "1c30b360-71a9-4ed0-9469-8878576b42f2",
                  "isHook": false,
                  "skipped": false
                },
                {
                  "title": "Change password - Password is not strong enough, should return 401",
                  "fullTitle": "Test server is ready Users tests Change password - Password is not strong enough, should return 401",
                  "timedOut": false,
                  "duration": 2,
                  "state": "passed",
                  "speed": "fast",
                  "pass": true,
                  "fail": false,
                  "pending": false,
                  "context": null,
                  "code": "",
                  "err": {},
                  "uuid": "dc55fea0-14a3-469c-a4f2-f18c5efb81ed",
                  "parentUUID": "1c30b360-71a9-4ed0-9469-8878576b42f2",
                  "isHook": false,
                  "skipped": false
                },
                {
                  "title": "Change password - Correct inputs, should return 200",
                  "fullTitle": "Test server is ready Users tests Change password - Correct inputs, should return 200",
                  "timedOut": false,
                  "duration": 56,
                  "state": "passed",
                  "speed": "medium",
                  "pass": true,
                  "fail": false,
                  "pending": false,
                  "context": null,
                  "code": "",
                  "err": {},
                  "uuid": "c5fb815d-08b2-42c7-9bef-8b38d334f7dc",
                  "parentUUID": "1c30b360-71a9-4ed0-9469-8878576b42f2",
                  "isHook": false,
                  "skipped": false
                },
                {
                  "title": "Login - Bad password, should return 401",
                  "fullTitle": "Test server is ready Users tests Login - Bad password, should return 401",
                  "timedOut": false,
                  "duration": 110,
                  "state": "passed",
                  "speed": "slow",
                  "pass": true,
                  "fail": false,
                  "pending": false,
                  "context": null,
                  "code": "",
                  "err": {},
                  "uuid": "dc101de7-6a14-4374-82ff-80eb7993a87a",
                  "parentUUID": "1c30b360-71a9-4ed0-9469-8878576b42f2",
                  "isHook": false,
                  "skipped": false
                },
                {
                  "title": "Login - Bad email, should return 401",
                  "fullTitle": "Test server is ready Users tests Login - Bad email, should return 401",
                  "timedOut": false,
                  "duration": 3,
                  "state": "passed",
                  "speed": "fast",
                  "pass": true,
                  "fail": false,
                  "pending": false,
                  "context": null,
                  "code": "",
                  "err": {},
                  "uuid": "64d5cfa1-1028-4c8f-a0dc-ba92a9d194da",
                  "parentUUID": "1c30b360-71a9-4ed0-9469-8878576b42f2",
                  "isHook": false,
                  "skipped": false
                },
                {
                  "title": "Login - Bad email AND bad password, should return 401",
                  "fullTitle": "Test server is ready Users tests Login - Bad email AND bad password, should return 401",
                  "timedOut": false,
                  "duration": 1,
                  "state": "passed",
                  "speed": "fast",
                  "pass": true,
                  "fail": false,
                  "pending": false,
                  "context": null,
                  "code": "",
                  "err": {},
                  "uuid": "c3327a8a-6247-41e0-ac85-f87521fed241",
                  "parentUUID": "1c30b360-71a9-4ed0-9469-8878576b42f2",
                  "isHook": false,
                  "skipped": false
                },
                {
                  "title": "Login - Login should succeed and return 201 with user token",
                  "fullTitle": "Test server is ready Users tests Login - Login should succeed and return 201 with user token",
                  "timedOut": false,
                  "duration": 60,
                  "state": "passed",
                  "speed": "medium",
                  "pass": true,
                  "fail": false,
                  "pending": false,
                  "context": null,
                  "code": "",
                  "err": {},
                  "uuid": "4c1cc079-a37f-4577-8b09-022c814c21d1",
                  "parentUUID": "1c30b360-71a9-4ed0-9469-8878576b42f2",
                  "isHook": false,
                  "skipped": false
                },
                {
                  "title": "Get my infos as a user. Should return 200",
                  "fullTitle": "Test server is ready Users tests Get my infos as a user. Should return 200",
                  "timedOut": false,
                  "duration": 3,
                  "state": "passed",
                  "speed": "fast",
                  "pass": true,
                  "fail": false,
                  "pending": false,
                  "context": null,
                  "code": "",
                  "err": {},
                  "uuid": "e49c5691-1822-4345-b69d-710961b67430",
                  "parentUUID": "1c30b360-71a9-4ed0-9469-8878576b42f2",
                  "isHook": false,
                  "skipped": false
                },
                {
                  "title": "Get my datas as a connected user. Should return 200",
                  "fullTitle": "Test server is ready Users tests Get my datas as a connected user. Should return 200",
                  "timedOut": false,
                  "duration": 4,
                  "state": "passed",
                  "speed": "fast",
                  "pass": true,
                  "fail": false,
                  "pending": false,
                  "context": null,
                  "code": "",
                  "err": {},
                  "uuid": "18bba445-5685-475c-9848-57f5a516750e",
                  "parentUUID": "1c30b360-71a9-4ed0-9469-8878576b42f2",
                  "isHook": false,
                  "skipped": false
                },
                {
                  "title": "User list - Normal user do not have access. Should return 500",
                  "fullTitle": "Test server is ready Users tests User list - Normal user do not have access. Should return 500",
                  "timedOut": false,
                  "duration": 4,
                  "state": "passed",
                  "speed": "fast",
                  "pass": true,
                  "fail": false,
                  "pending": false,
                  "context": null,
                  "code": "",
                  "err": {},
                  "uuid": "93172e15-62e9-4c15-8ccf-494777cfff1e",
                  "parentUUID": "1c30b360-71a9-4ed0-9469-8878576b42f2",
                  "isHook": false,
                  "skipped": false
                },
                {
                  "title": "User list - Admin should have access. Should return 200",
                  "fullTitle": "Test server is ready Users tests User list - Admin should have access. Should return 200",
                  "timedOut": false,
                  "duration": 11436,
                  "state": "passed",
                  "speed": "slow",
                  "pass": true,
                  "fail": false,
                  "pending": false,
                  "context": null,
                  "code": "",
                  "err": {},
                  "uuid": "d1f698e5-d6f0-4934-8778-ee80d59e2291",
                  "parentUUID": "1c30b360-71a9-4ed0-9469-8878576b42f2",
                  "isHook": false,
                  "skipped": false
                },
                {
                  "title": "Logout - Logout should return 200",
                  "fullTitle": "Test server is ready Users tests Logout - Logout should return 200",
                  "timedOut": false,
                  "duration": 26,
                  "state": "passed",
                  "speed": "fast",
                  "pass": true,
                  "fail": false,
                  "pending": false,
                  "context": null,
                  "code": "",
                  "err": {},
                  "uuid": "e5a94a12-1362-438e-8687-f1bfce27ec85",
                  "parentUUID": "1c30b360-71a9-4ed0-9469-8878576b42f2",
                  "isHook": false,
                  "skipped": false
                },
                {
                  "title": "Re Login - Login should succeed and return 201",
                  "fullTitle": "Test server is ready Users tests Re Login - Login should succeed and return 201",
                  "timedOut": false,
                  "duration": 62,
                  "state": "passed",
                  "speed": "medium",
                  "pass": true,
                  "fail": false,
                  "pending": false,
                  "context": null,
                  "code": "",
                  "err": {},
                  "uuid": "92163598-758f-4e33-9129-6798928429d0",
                  "parentUUID": "1c30b360-71a9-4ed0-9469-8878576b42f2",
                  "isHook": false,
                  "skipped": false
                }
              ],
              "suites": [],
              "passes": [
                "3fb4e374-86a7-4c66-9dfa-1d1c7b2b6b46",
                "b0abd144-85db-4e22-966c-99db098f4216",
                "55ee80f6-5a35-45f5-8e55-68a58951ea3e",
                "93df8daf-30d3-461a-a0ff-8b8e57cd86fc",
                "faef2349-4c7c-41fe-8a78-e34a0b659873",
                "a7f77ae5-3402-45fb-95c9-2b4756021db6",
                "693db47d-1d49-42ae-8556-c7a1042266a2",
                "fc7d4693-b3b8-4d68-afc7-76ea54adbe9d",
                "dc55fea0-14a3-469c-a4f2-f18c5efb81ed",
                "c5fb815d-08b2-42c7-9bef-8b38d334f7dc",
                "dc101de7-6a14-4374-82ff-80eb7993a87a",
                "64d5cfa1-1028-4c8f-a0dc-ba92a9d194da",
                "c3327a8a-6247-41e0-ac85-f87521fed241",
                "4c1cc079-a37f-4577-8b09-022c814c21d1",
                "e49c5691-1822-4345-b69d-710961b67430",
                "18bba445-5685-475c-9848-57f5a516750e",
                "93172e15-62e9-4c15-8ccf-494777cfff1e",
                "d1f698e5-d6f0-4934-8778-ee80d59e2291",
                "e5a94a12-1362-438e-8687-f1bfce27ec85",
                "92163598-758f-4e33-9129-6798928429d0"
              ],
              "failures": [],
              "pending": [],
              "skipped": [],
              "duration": 11886,
              "root": false,
              "rootEmpty": false,
              "_timeout": 20000
            },
            {
              "uuid": "493af6f6-e972-4a73-afe9-27ff02fa6aac",
              "title": "Change User data test",
              "fullFile": "/home/api/test/index.test.js",
              "file": "/test/index.test.js",
              "beforeHooks": [],
              "afterHooks": [],
              "tests": [
                {
                  "title": "Create new hr",
                  "fullTitle": "Test server is ready Change User data test Create new hr",
                  "timedOut": false,
                  "duration": 6,
                  "state": "passed",
                  "speed": "fast",
                  "pass": true,
                  "fail": false,
                  "pending": false,
                  "context": null,
                  "code": "",
                  "err": {},
                  "uuid": "c1465f93-4bd1-4896-b8b0-8dd7835c74b9",
                  "parentUUID": "493af6f6-e972-4a73-afe9-27ff02fa6aac",
                  "isHook": false,
                  "skipped": false
                },
                {
                  "title": "Change new hr firstname",
                  "fullTitle": "Test server is ready Change User data test Change new hr firstname",
                  "timedOut": false,
                  "duration": 5,
                  "state": "passed",
                  "speed": "fast",
                  "pass": true,
                  "fail": false,
                  "pending": false,
                  "context": null,
                  "code": "",
                  "err": {},
                  "uuid": "780857ef-2baf-42df-963a-8c4c60ca43ad",
                  "parentUUID": "493af6f6-e972-4a73-afe9-27ff02fa6aac",
                  "isHook": false,
                  "skipped": false
                },
                {
                  "title": "Change new hr lastname",
                  "fullTitle": "Test server is ready Change User data test Change new hr lastname",
                  "timedOut": false,
                  "duration": 5,
                  "state": "passed",
                  "speed": "fast",
                  "pass": true,
                  "fail": false,
                  "pending": false,
                  "context": null,
                  "code": "",
                  "err": {},
                  "uuid": "93d8c4e8-2e70-4faf-9a36-42872a90e445",
                  "parentUUID": "493af6f6-e972-4a73-afe9-27ff02fa6aac",
                  "isHook": false,
                  "skipped": false
                },
                {
                  "title": "Add new hr situation",
                  "fullTitle": "Test server is ready Change User data test Add new hr situation",
                  "timedOut": false,
                  "duration": 23,
                  "state": "passed",
                  "speed": "fast",
                  "pass": true,
                  "fail": false,
                  "pending": false,
                  "context": null,
                  "code": "",
                  "err": {},
                  "uuid": "90b1a82a-7685-445c-b783-397fad382add",
                  "parentUUID": "493af6f6-e972-4a73-afe9-27ff02fa6aac",
                  "isHook": false,
                  "skipped": false
                },
                {
                  "title": "Add a second hr situation",
                  "fullTitle": "Test server is ready Change User data test Add a second hr situation",
                  "timedOut": false,
                  "duration": 43,
                  "state": "passed",
                  "speed": "medium",
                  "pass": true,
                  "fail": false,
                  "pending": false,
                  "context": null,
                  "code": "",
                  "err": {},
                  "uuid": "2ed9dbd7-a0d7-4252-a047-8ab6044cb788",
                  "parentUUID": "493af6f6-e972-4a73-afe9-27ff02fa6aac",
                  "isHook": false,
                  "skipped": false
                },
                {
                  "title": "Add new hr unavailability ",
                  "fullTitle": "Test server is ready Change User data test Add new hr unavailability ",
                  "timedOut": false,
                  "duration": 42,
                  "state": "passed",
                  "speed": "medium",
                  "pass": true,
                  "fail": false,
                  "pending": false,
                  "context": null,
                  "code": "",
                  "err": {},
                  "uuid": "b734c648-5349-40ab-b6f2-dd2af44dc1c2",
                  "parentUUID": "493af6f6-e972-4a73-afe9-27ff02fa6aac",
                  "isHook": false,
                  "skipped": false
                },
                {
                  "title": "Correct a situation - Change agent's Fonction only",
                  "fullTitle": "Test server is ready Change User data test Correct a situation - Change agent's Fonction only",
                  "timedOut": false,
                  "duration": 39,
                  "state": "passed",
                  "speed": "medium",
                  "pass": true,
                  "fail": false,
                  "pending": false,
                  "context": null,
                  "code": "",
                  "err": {},
                  "uuid": "bdcd8c8c-403c-42dc-abe4-fa37382fd53c",
                  "parentUUID": "493af6f6-e972-4a73-afe9-27ff02fa6aac",
                  "isHook": false,
                  "skipped": false
                },
                {
                  "title": "Correct a situation - Change agent's Category and Fonction",
                  "fullTitle": "Test server is ready Change User data test Correct a situation - Change agent's Category and Fonction",
                  "timedOut": false,
                  "duration": 39,
                  "state": "passed",
                  "speed": "medium",
                  "pass": true,
                  "fail": false,
                  "pending": false,
                  "context": null,
                  "code": "",
                  "err": {},
                  "uuid": "d1563147-ebe3-43d9-9534-234ab2f29e1a",
                  "parentUUID": "493af6f6-e972-4a73-afe9-27ff02fa6aac",
                  "isHook": false,
                  "skipped": false
                },
                {
                  "title": "Correct a situation - Change one situation etp",
                  "fullTitle": "Test server is ready Change User data test Correct a situation - Change one situation etp",
                  "timedOut": false,
                  "duration": 38,
                  "state": "passed",
                  "speed": "medium",
                  "pass": true,
                  "fail": false,
                  "pending": false,
                  "context": null,
                  "code": "",
                  "err": {},
                  "uuid": "0467da55-1bb6-4987-af9f-986e0eaa8e73",
                  "parentUUID": "493af6f6-e972-4a73-afe9-27ff02fa6aac",
                  "isHook": false,
                  "skipped": false
                },
                {
                  "title": "Add an End Date to newly created agent",
                  "fullTitle": "Test server is ready Change User data test Add an End Date to newly created agent",
                  "timedOut": false,
                  "duration": 36,
                  "state": "passed",
                  "speed": "fast",
                  "pass": true,
                  "fail": false,
                  "pending": false,
                  "context": null,
                  "code": "",
                  "err": {},
                  "uuid": "a8e8477f-cf89-482e-8dd6-5ceda83998c0",
                  "parentUUID": "493af6f6-e972-4a73-afe9-27ff02fa6aac",
                  "isHook": false,
                  "skipped": false
                },
                {
                  "title": "Remove created situation",
                  "fullTitle": "Test server is ready Change User data test Remove created situation",
                  "timedOut": false,
                  "duration": 26,
                  "state": "passed",
                  "speed": "fast",
                  "pass": true,
                  "fail": false,
                  "pending": false,
                  "context": null,
                  "code": "",
                  "err": {},
                  "uuid": "e616f27b-7190-4901-83e9-99b5b80c2277",
                  "parentUUID": "493af6f6-e972-4a73-afe9-27ff02fa6aac",
                  "isHook": false,
                  "skipped": false
                },
                {
                  "title": "Remove created hr",
                  "fullTitle": "Test server is ready Change User data test Remove created hr",
                  "timedOut": false,
                  "duration": 5,
                  "state": "passed",
                  "speed": "fast",
                  "pass": true,
                  "fail": false,
                  "pending": false,
                  "context": null,
                  "code": "",
                  "err": {},
                  "uuid": "2ca6eba6-33a5-457c-9c58-2c0611751cd1",
                  "parentUUID": "493af6f6-e972-4a73-afe9-27ff02fa6aac",
                  "isHook": false,
                  "skipped": false
                }
              ],
              "suites": [],
              "passes": [
                "c1465f93-4bd1-4896-b8b0-8dd7835c74b9",
                "780857ef-2baf-42df-963a-8c4c60ca43ad",
                "93d8c4e8-2e70-4faf-9a36-42872a90e445",
                "90b1a82a-7685-445c-b783-397fad382add",
                "2ed9dbd7-a0d7-4252-a047-8ab6044cb788",
                "b734c648-5349-40ab-b6f2-dd2af44dc1c2",
                "bdcd8c8c-403c-42dc-abe4-fa37382fd53c",
                "d1563147-ebe3-43d9-9534-234ab2f29e1a",
                "0467da55-1bb6-4987-af9f-986e0eaa8e73",
                "a8e8477f-cf89-482e-8dd6-5ceda83998c0",
                "e616f27b-7190-4901-83e9-99b5b80c2277",
                "2ca6eba6-33a5-457c-9c58-2c0611751cd1"
              ],
              "failures": [],
              "pending": [],
              "skipped": [],
              "duration": 307,
              "root": false,
              "rootEmpty": false,
              "_timeout": 20000
            },
            {
              "uuid": "8afcfcd0-352f-4c55-843c-d34df987b1ee",
              "title": "Calculator Page - Check calcul ",
              "fullFile": "/home/api/test/index.test.js",
              "file": "/test/index.test.js",
              "beforeHooks": [],
              "afterHooks": [],
              "tests": [
                {
                  "title": "Add admin to a tj",
                  "fullTitle": "Test server is ready Calculator Page - Check calcul  Add admin to a tj",
                  "timedOut": false,
                  "duration": 10,
                  "state": "passed",
                  "speed": "fast",
                  "pass": true,
                  "fail": false,
                  "pending": false,
                  "context": null,
                  "code": "",
                  "err": {},
                  "uuid": "10605a6b-3280-4160-a205-106583d98488",
                  "parentUUID": "8afcfcd0-352f-4c55-843c-d34df987b1ee",
                  "isHook": false,
                  "skipped": false
                },
                {
                  "title": "Get last month",
                  "fullTitle": "Test server is ready Calculator Page - Check calcul  Get last month",
                  "timedOut": false,
                  "duration": 3,
                  "state": "passed",
                  "speed": "fast",
                  "pass": true,
                  "fail": false,
                  "pending": false,
                  "context": null,
                  "code": "",
                  "err": {},
                  "uuid": "8348e058-bac5-45b8-89f8-4d6f91ed8469",
                  "parentUUID": "8afcfcd0-352f-4c55-843c-d34df987b1ee",
                  "isHook": false,
                  "skipped": false
                },
                {
                  "title": "Catch data",
                  "fullTitle": "Test server is ready Calculator Page - Check calcul  Catch data",
                  "timedOut": false,
                  "duration": 131,
                  "state": "passed",
                  "speed": "slow",
                  "pass": true,
                  "fail": false,
                  "pending": false,
                  "context": null,
                  "code": "",
                  "err": {},
                  "uuid": "4e66edbf-8704-4492-bc8f-ca5599c13c22",
                  "parentUUID": "8afcfcd0-352f-4c55-843c-d34df987b1ee",
                  "isHook": false,
                  "skipped": false
                },
                {
                  "title": "Check ETPT Siege",
                  "fullTitle": "Test server is ready Calculator Page - Check calcul  Check ETPT Siege",
                  "timedOut": false,
                  "duration": 0,
                  "state": "passed",
                  "speed": "fast",
                  "pass": true,
                  "fail": false,
                  "pending": false,
                  "context": null,
                  "code": "",
                  "err": {},
                  "uuid": "cce624c1-904a-4e28-9036-727baf688e4d",
                  "parentUUID": "8afcfcd0-352f-4c55-843c-d34df987b1ee",
                  "isHook": false,
                  "skipped": false
                },
                {
                  "title": "Check Obeserved Coverage Rate",
                  "fullTitle": "Test server is ready Calculator Page - Check calcul  Check Obeserved Coverage Rate",
                  "timedOut": false,
                  "duration": 0,
                  "state": "passed",
                  "speed": "fast",
                  "pass": true,
                  "fail": false,
                  "pending": false,
                  "context": null,
                  "code": "",
                  "err": {},
                  "uuid": "2ff727c5-5aa3-4754-a472-edc859d79416",
                  "parentUUID": "8afcfcd0-352f-4c55-843c-d34df987b1ee",
                  "isHook": false,
                  "skipped": false
                },
                {
                  "title": "Theoretical instantaneous stock flow time",
                  "fullTitle": "Test server is ready Calculator Page - Check calcul  Theoretical instantaneous stock flow time",
                  "timedOut": false,
                  "duration": 0,
                  "state": "passed",
                  "speed": "fast",
                  "pass": true,
                  "fail": false,
                  "pending": false,
                  "context": null,
                  "code": "",
                  "err": {},
                  "uuid": "f881f7c4-4b1a-47a6-b661-efa9596a5374",
                  "parentUUID": "8afcfcd0-352f-4c55-843c-d34df987b1ee",
                  "isHook": false,
                  "skipped": false
                },
                {
                  "title": "Observed average time per file",
                  "fullTitle": "Test server is ready Calculator Page - Check calcul  Observed average time per file",
                  "timedOut": false,
                  "duration": 0,
                  "state": "passed",
                  "speed": "fast",
                  "pass": true,
                  "fail": false,
                  "pending": false,
                  "context": null,
                  "code": "",
                  "err": {},
                  "uuid": "a8eda6a8-5fea-40f7-9900-514358721df4",
                  "parentUUID": "8afcfcd0-352f-4c55-843c-d34df987b1ee",
                  "isHook": false,
                  "skipped": false
                },
                {
                  "title": "Possible folders out Siege",
                  "fullTitle": "Test server is ready Calculator Page - Check calcul  Possible folders out Siege",
                  "timedOut": false,
                  "duration": 0,
                  "state": "passed",
                  "speed": "fast",
                  "pass": true,
                  "fail": false,
                  "pending": false,
                  "context": null,
                  "code": "",
                  "err": {},
                  "uuid": "40eb1788-c00f-4851-a5b5-ade4363a8f02",
                  "parentUUID": "8afcfcd0-352f-4c55-843c-d34df987b1ee",
                  "isHook": false,
                  "skipped": false
                },
                {
                  "title": "Theoretical calculated stock flow time",
                  "fullTitle": "Test server is ready Calculator Page - Check calcul  Theoretical calculated stock flow time",
                  "timedOut": false,
                  "duration": 0,
                  "state": "passed",
                  "speed": "fast",
                  "pass": true,
                  "fail": false,
                  "pending": false,
                  "context": null,
                  "code": "",
                  "err": {},
                  "uuid": "32b3a1f6-8514-49f5-a1d8-de160dda4146",
                  "parentUUID": "8afcfcd0-352f-4c55-843c-d34df987b1ee",
                  "isHook": false,
                  "skipped": false
                },
                {
                  "title": "Theoretical calculated coverage rate",
                  "fullTitle": "Test server is ready Calculator Page - Check calcul  Theoretical calculated coverage rate",
                  "timedOut": false,
                  "duration": 0,
                  "state": "passed",
                  "speed": "fast",
                  "pass": true,
                  "fail": false,
                  "pending": false,
                  "context": null,
                  "code": "",
                  "err": {},
                  "uuid": "58272e19-f37d-42cb-9f21-43d13b98763d",
                  "parentUUID": "8afcfcd0-352f-4c55-843c-d34df987b1ee",
                  "isHook": false,
                  "skipped": false
                }
              ],
              "suites": [],
              "passes": [
                "10605a6b-3280-4160-a205-106583d98488",
                "8348e058-bac5-45b8-89f8-4d6f91ed8469",
                "4e66edbf-8704-4492-bc8f-ca5599c13c22",
                "cce624c1-904a-4e28-9036-727baf688e4d",
                "2ff727c5-5aa3-4754-a472-edc859d79416",
                "f881f7c4-4b1a-47a6-b661-efa9596a5374",
                "a8eda6a8-5fea-40f7-9900-514358721df4",
                "40eb1788-c00f-4851-a5b5-ade4363a8f02",
                "32b3a1f6-8514-49f5-a1d8-de160dda4146",
                "58272e19-f37d-42cb-9f21-43d13b98763d"
              ],
              "failures": [],
              "pending": [],
              "skipped": [],
              "duration": 144,
              "root": false,
              "rootEmpty": false,
              "_timeout": 20000
            },
            {
              "uuid": "669ef81f-507d-402c-922d-fdacaa855849",
              "title": "Check calcul -- Ventilateur ",
              "fullFile": "/home/api/test/index.test.js",
              "file": "/test/index.test.js",
              "beforeHooks": [],
              "afterHooks": [],
              "tests": [
                {
                  "title": "Check referentiels are all level 1",
                  "fullTitle": "Test server is ready Check calcul -- Ventilateur  Check referentiels are all level 1",
                  "timedOut": false,
                  "duration": 96,
                  "state": "passed",
                  "speed": "slow",
                  "pass": true,
                  "fail": false,
                  "pending": false,
                  "context": null,
                  "code": "",
                  "err": {},
                  "uuid": "3d329ae0-b9ed-499f-8183-8d47e6205bc4",
                  "parentUUID": "669ef81f-507d-402c-922d-fdacaa855849",
                  "isHook": false,
                  "skipped": false
                }
              ],
              "suites": [],
              "passes": [
                "3d329ae0-b9ed-499f-8183-8d47e6205bc4"
              ],
              "failures": [],
              "pending": [],
              "skipped": [],
              "duration": 96,
              "root": false,
              "rootEmpty": false,
              "_timeout": 20000
            },
            {
              "uuid": "89609348-5d26-4950-aeaf-e33ac48a11c0",
              "title": "Panorama Page",
              "fullFile": "/home/api/test/index.test.js",
              "file": "/test/index.test.js",
              "beforeHooks": [],
              "afterHooks": [],
              "tests": [
                {
                  "title": "Save CLE",
                  "fullTitle": "Test server is ready Panorama Page Save CLE",
                  "timedOut": false,
                  "duration": 4,
                  "state": "passed",
                  "speed": "fast",
                  "pass": true,
                  "fail": false,
                  "pending": false,
                  "context": null,
                  "code": "",
                  "err": {},
                  "uuid": "35ba4939-dc63-4d3d-b562-00a450d563e8",
                  "parentUUID": "89609348-5d26-4950-aeaf-e33ac48a11c0",
                  "isHook": false,
                  "skipped": false
                },
                {
                  "title": "Get CLE must be equal to saved CLE in test right before",
                  "fullTitle": "Test server is ready Panorama Page Get CLE must be equal to saved CLE in test right before",
                  "timedOut": false,
                  "duration": 2,
                  "state": "passed",
                  "speed": "fast",
                  "pass": true,
                  "fail": false,
                  "pending": false,
                  "context": null,
                  "code": "",
                  "err": {},
                  "uuid": "35d2bde2-353d-42c5-9066-172f4064ac30",
                  "parentUUID": "89609348-5d26-4950-aeaf-e33ac48a11c0",
                  "isHook": false,
                  "skipped": false
                },
                {
                  "title": "Save CLE to other category",
                  "fullTitle": "Test server is ready Panorama Page Save CLE to other category",
                  "timedOut": false,
                  "duration": 3,
                  "state": "passed",
                  "speed": "fast",
                  "pass": true,
                  "fail": false,
                  "pending": false,
                  "context": null,
                  "code": "",
                  "err": {},
                  "uuid": "de1bd86e-397a-4b73-a856-4b4e1652e80a",
                  "parentUUID": "89609348-5d26-4950-aeaf-e33ac48a11c0",
                  "isHook": false,
                  "skipped": false
                },
                {
                  "title": "Check that value in Siege has not changed and that value for Greffier category is the one registered right before",
                  "fullTitle": "Test server is ready Panorama Page Check that value in Siege has not changed and that value for Greffier category is the one registered right before",
                  "timedOut": false,
                  "duration": 2,
                  "state": "passed",
                  "speed": "fast",
                  "pass": true,
                  "fail": false,
                  "pending": false,
                  "context": null,
                  "code": "",
                  "err": {},
                  "uuid": "3d8d17b2-70f0-4e1d-abfc-a1df8484d92d",
                  "parentUUID": "89609348-5d26-4950-aeaf-e33ac48a11c0",
                  "isHook": false,
                  "skipped": false
                },
                {
                  "title": "Add new CLE value to same category and check that old value is replaced",
                  "fullTitle": "Test server is ready Panorama Page Add new CLE value to same category and check that old value is replaced",
                  "timedOut": false,
                  "duration": 4,
                  "state": "passed",
                  "speed": "fast",
                  "pass": true,
                  "fail": false,
                  "pending": false,
                  "context": null,
                  "code": "",
                  "err": {},
                  "uuid": "2a0be0b4-e6ee-40a1-8abd-9f8dabf7298f",
                  "parentUUID": "89609348-5d26-4950-aeaf-e33ac48a11c0",
                  "isHook": false,
                  "skipped": false
                }
              ],
              "suites": [],
              "passes": [
                "35ba4939-dc63-4d3d-b562-00a450d563e8",
                "35d2bde2-353d-42c5-9066-172f4064ac30",
                "de1bd86e-397a-4b73-a856-4b4e1652e80a",
                "3d8d17b2-70f0-4e1d-abfc-a1df8484d92d",
                "2a0be0b4-e6ee-40a1-8abd-9f8dabf7298f"
              ],
              "failures": [],
              "pending": [],
              "skipped": [],
              "duration": 15,
              "root": false,
              "rootEmpty": false,
              "_timeout": 20000
            },
            {
              "uuid": "84c3eb0e-bb33-4a63-ad91-5a34a032d768",
              "title": "Test Activities",
              "fullFile": "/home/api/test/index.test.js",
              "file": "/test/index.test.js",
              "beforeHooks": [],
              "afterHooks": [],
              "tests": [
                {
                  "title": "load Referentiel",
                  "fullTitle": "Test server is ready Test Activities load Referentiel",
                  "timedOut": false,
                  "duration": 6,
                  "state": "passed",
                  "speed": "fast",
                  "pass": true,
                  "fail": false,
                  "pending": false,
                  "context": null,
                  "code": "",
                  "err": {},
                  "uuid": "7ae3b81f-ea1a-4968-b2ff-f4f8378a0779",
                  "parentUUID": "84c3eb0e-bb33-4a63-ad91-5a34a032d768",
                  "isHook": false,
                  "skipped": false
                },
                {
                  "title": "Get last month activity fron a TJ",
                  "fullTitle": "Test server is ready Test Activities Get last month activity fron a TJ",
                  "timedOut": false,
                  "duration": 5,
                  "state": "passed",
                  "speed": "fast",
                  "pass": true,
                  "fail": false,
                  "pending": false,
                  "context": null,
                  "code": "",
                  "err": {},
                  "uuid": "fc281032-34a6-4607-a9ed-970d109c87b6",
                  "parentUUID": "84c3eb0e-bb33-4a63-ad91-5a34a032d768",
                  "isHook": false,
                  "skipped": false
                },
                {
                  "title": "Get last data available from a TJ",
                  "fullTitle": "Test server is ready Test Activities Get last data available from a TJ",
                  "timedOut": false,
                  "duration": 51,
                  "state": "passed",
                  "speed": "medium",
                  "pass": true,
                  "fail": false,
                  "pending": false,
                  "context": null,
                  "code": "",
                  "err": {},
                  "uuid": "e2b1f83c-9046-4b84-82cc-582bb49fc2b8",
                  "parentUUID": "84c3eb0e-bb33-4a63-ad91-5a34a032d768",
                  "isHook": false,
                  "skipped": false
                }
              ],
              "suites": [],
              "passes": [
                "7ae3b81f-ea1a-4968-b2ff-f4f8378a0779",
                "fc281032-34a6-4607-a9ed-970d109c87b6",
                "e2b1f83c-9046-4b84-82cc-582bb49fc2b8"
              ],
              "failures": [],
              "pending": [],
              "skipped": [],
              "duration": 62,
              "root": false,
              "rootEmpty": false,
              "_timeout": 20000
            }
          ],
          "passes": [
            "aec1b77e-6a23-469f-b29a-4d4b33b32f51",
            "f723b6f4-98a4-4dd0-9c6e-481880b7b2f8"
          ],
          "failures": [],
          "pending": [],
          "skipped": [],
          "duration": 139,
          "root": false,
          "rootEmpty": false,
          "_timeout": 20000
        }
      ],
      "passes": [],
      "failures": [],
      "pending": [],
      "skipped": [],
      "duration": 0,
      "root": true,
      "rootEmpty": true,
      "_timeout": 20000
    }
  ],
  "meta": {
    "mocha": {
      "version": "9.2.2"
    },
    "mochawesome": {
      "options": {
        "quiet": false,
        "reportFilename": "test-results",
        "saveHtml": false,
        "saveJson": true,
        "consoleReporter": "spec",
        "useInlineDiffs": false,
        "code": false
      },
      "version": "7.1.4"
    },
    "marge": {
      "options": {
        "reportDir": "/home/api/test/reports",
        "reportFilename": "test-results",
        "html": "false",
        "json": "true",
        "overwrite": "true",
        "quiet": "false",
        "charts": "true",
        "code": "false"
      },
      "version": "6.3.0"
    }
  }
}